0 info it worked if it ends with ok
1 verbose cli [ 'node', '/home/ubuntu/.nvm/v0.10.35/bin/npm', 'run', 'test' ]
2 info using npm@3.5.3
3 info using node@v0.10.35
4 verbose run-script [ 'pretest', 'test', 'posttest' ]
5 info lifecycle sheppark-blog@0.0.1~pretest: sheppark-blog@0.0.1
6 silly lifecycle sheppark-blog@0.0.1~pretest: no script for pretest, continuing
7 info lifecycle sheppark-blog@0.0.1~test: sheppark-blog@0.0.1
8 verbose lifecycle sheppark-blog@0.0.1~test: unsafe-perm in lifecycle true
9 verbose lifecycle sheppark-blog@0.0.1~test: PATH: /home/ubuntu/.nvm/v0.10.35/lib/node_modules/npm/bin/node-gyp-bin:/home/ubuntu/workspace/node_modules/.bin:/home/ubuntu/.nvm/v0.10.35/bin:/usr/local/rvm/gems/ruby-2.1.5@rails4/bin:/usr/local/rvm/gems/ruby-2.1.5@global/bin:/usr/local/rvm/rubies/ruby-2.1.5/bin:/mnt/shared/bin:/home/ubuntu/workspace/node_modules/.bin:/home/ubuntu/bin:/usr/local/sbin:/usr/local/bin:/usr/sbin:/usr/bin:/sbin:/bin:/mnt/shared/sbin:/opt/gitl:/opt/go/bin:/mnt/shared/c9/app.nw/bin:/usr/local/rvm/bin
10 verbose lifecycle sheppark-blog@0.0.1~test: CWD: /home/ubuntu/workspace
11 silly lifecycle sheppark-blog@0.0.1~test: Args: [ '-c', 'grunt test' ]
12 silly lifecycle sheppark-blog@0.0.1~test: Returned: code: 3  signal: null
13 info lifecycle sheppark-blog@0.0.1~test: Failed to exec test script
14 verbose stack Error: sheppark-blog@0.0.1 test: `grunt test`
14 verbose stack Exit status 3
14 verbose stack     at EventEmitter.<anonymous> (/home/ubuntu/.nvm/v0.10.35/lib/node_modules/npm/lib/utils/lifecycle.js:232:16)
14 verbose stack     at EventEmitter.emit (events.js:98:17)
14 verbose stack     at ChildProcess.<anonymous> (/home/ubuntu/.nvm/v0.10.35/lib/node_modules/npm/lib/utils/spawn.js:24:14)
14 verbose stack     at ChildProcess.emit (events.js:98:17)
14 verbose stack     at maybeClose (child_process.js:766:16)
14 verbose stack     at Process.ChildProcess._handle.onexit (child_process.js:833:5)
15 verbose pkgid sheppark-blog@0.0.1
16 verbose cwd /home/ubuntu/workspace
17 error Linux 4.2.0-c9
18 error argv "node" "/home/ubuntu/.nvm/v0.10.35/bin/npm" "run" "test"
19 error node v0.10.35
20 error npm  v3.5.3
21 error code ELIFECYCLE
22 error sheppark-blog@0.0.1 test: `grunt test`
22 error Exit status 3
23 error Failed at the sheppark-blog@0.0.1 test script 'grunt test'.
23 error Make sure you have the latest version of node.js and npm installed.
23 error If you do, this is most likely a problem with the sheppark-blog package,
23 error not with npm itself.
23 error Tell the author that this fails on your system:
23 error     grunt test
23 error You can get information on how to open an issue for this project with:
23 error     npm bugs sheppark-blog
23 error Or if that isn't available, you can get their info via:
23 error     npm owner ls sheppark-blog
23 error There is likely additional logging output above.
24 verbose exit [ 1, true ]
